<testng-results>
  <reporter-output>
  </reporter-output>
  <suite name="Command line suite" duration-ms="23" started-at="2011-09-01T11:36:54Z" finished-at="2011-09-01T11:36:54Z">
    <groups>
    </groups>
    <test name="Command line test" duration-ms="23" started-at="2011-09-01T11:36:54Z" finished-at="2011-09-01T11:36:54Z">
      <class name="com.adx.core.dp.InMemoryDocumentStoreTest">
        <test-method status="PASS" signature="init()" name="init" is-config="true" duration-ms="14" started-at="2011-09-01T11:36:54Z" finished-at="2011-09-01T11:36:54Z">
        </test-method>
        <test-method status="PASS" signature="insertDocument()" name="insertDocument" duration-ms="2" started-at="2011-09-01T11:36:54Z" finished-at="2011-09-01T11:36:54Z">
        </test-method>
      </class>
    </test>
  </suite>
</testng-results>
