<testng-results>
  <reporter-output>
  </reporter-output>
  <suite name="Command line suite" duration-ms="182" started-at="2011-06-15T13:49:28Z" finished-at="2011-06-15T13:49:28Z">
    <groups>
    </groups>
    <test name="Command line test" duration-ms="182" started-at="2011-06-15T13:49:28Z" finished-at="2011-06-15T13:49:28Z">
      <class name="com.adx.core.dp.InMemoryDocumentStoreTest">
        <test-method status="PASS" signature="init()" name="init" is-config="true" duration-ms="120" started-at="2011-06-15T13:49:28Z" finished-at="2011-06-15T13:49:28Z">
        </test-method>
        <test-method status="PASS" signature="insertDocument()" name="insertDocument" duration-ms="18" started-at="2011-06-15T13:49:28Z" finished-at="2011-06-15T13:49:28Z">
        </test-method>
      </class>
    </test>
  </suite>
</testng-results>
